<?xml version="1.0" encoding="UTF-8"?>
<testng-results ignored="0" total="14" passed="13" failed="1" skipped="0">
  <reporter-output>
  </reporter-output>
  <suite started-at="2022-04-11T14:13:02 IST" name="Earn Points" finished-at="2022-04-11T14:14:03 IST" duration-ms="61372">
    <groups>
      <group name="cucumber">
        <method signature="AbstractTestNGCucumberTests.runScenario(io.cucumber.testng.PickleWrapper,io.cucumber.testng.FeatureWrapper)[pri:0, instance:testOptions.TestRunner@4310d43]" name="runScenario" class="io.cucumber.testng.AbstractTestNGCucumberTests"/>
        <method signature="AbstractTestNGCucumberTests.runScenario(io.cucumber.testng.PickleWrapper,io.cucumber.testng.FeatureWrapper)[pri:0, instance:testOptions.TestRunner1@1e0b4072]" name="runScenario" class="io.cucumber.testng.AbstractTestNGCucumberTests"/>
        <method signature="AbstractTestNGCucumberTests.runScenario(io.cucumber.testng.PickleWrapper,io.cucumber.testng.FeatureWrapper)[pri:0, instance:testOptions.TestRunner2@e350b40]" name="runScenario" class="io.cucumber.testng.AbstractTestNGCucumberTests"/>
        <method signature="AbstractTestNGCucumberTests.runScenario(io.cucumber.testng.PickleWrapper,io.cucumber.testng.FeatureWrapper)[pri:0, instance:testOptions.TestRunner3@13e344d]" name="runScenario" class="io.cucumber.testng.AbstractTestNGCucumberTests"/>
      </group> <!-- cucumber -->
    </groups>
    <test started-at="2022-04-11T14:13:02 IST" name="Iso Partners" finished-at="2022-04-11T14:13:21 IST" duration-ms="19754">
      <class name="testOptions.TestRunner1">
        <test-method is-config="true" signature="setUpClass(org.testng.ITestContext)[pri:0, instance:testOptions.TestRunner1@1e0b4072]" started-at="2022-04-11T14:13:02 IST" name="setUpClass" finished-at="2022-04-11T14:13:02 IST" duration-ms="339" status="PASS">
          <params>
            <param index="0">
              <value>
                <![CDATA[org.testng.TestRunner@48075da3]]>
              </value>
            </param>
          </params>
          <reporter-output>
          </reporter-output>
        </test-method> <!-- setUpClass -->
        <test-method signature="runScenario(io.cucumber.testng.PickleWrapper,io.cucumber.testng.FeatureWrapper)[pri:0, instance:testOptions.TestRunner1@1e0b4072]" started-at="2022-04-11T14:13:02 IST" name="runScenario" description="Runs Cucumber Scenarios" data-provider="scenarios" finished-at="2022-04-11T14:13:13 IST" duration-ms="10593" status="FAIL">
          <params>
            <param index="0">
              <value>
                <![CDATA["Validate the know more button in website information page of online partners"]]>
              </value>
            </param>
            <param index="1">
              <value>
                <![CDATA["Optional[In Store and Online Partners]"]]>
              </value>
            </param>
          </params>
          <exception class="java.lang.AssertionError">
            <message>
              <![CDATA[expected [https://www.mobikwik.com/] but found [https://www.payback.in/partner-brands/mobikwik]]]>
            </message>
            <full-stacktrace>
              <![CDATA[java.lang.AssertionError: expected [https://www.mobikwik.com/] but found [https://www.payback.in/partner-brands/mobikwik]
at org.testng.Assert.fail(Assert.java:110)
at org.testng.Assert.failNotEquals(Assert.java:1413)
at org.testng.Assert.assertEqualsImpl(Assert.java:149)
at org.testng.Assert.assertEquals(Assert.java:131)
at org.testng.Assert.assertEquals(Assert.java:655)
at org.testng.Assert.assertEquals(Assert.java:665)
at stepDefinitions.StepDefinitions.user_should_be_redirected_to_the_online_partners_website(StepDefinitions.java:229)
at ✽.user should be redirected to the online partners website(file:///C:/Users/VASUDM/eclipse-workspace/Payback/src/test/java/features/isoPartners.feature:9)
]]>
            </full-stacktrace>
          </exception> <!-- java.lang.AssertionError -->
          <reporter-output>
          </reporter-output>
        </test-method> <!-- runScenario -->
        <test-method signature="runScenario(io.cucumber.testng.PickleWrapper,io.cucumber.testng.FeatureWrapper)[pri:0, instance:testOptions.TestRunner1@1e0b4072]" started-at="2022-04-11T14:13:13 IST" name="runScenario" description="Runs Cucumber Scenarios" data-provider="scenarios" finished-at="2022-04-11T14:13:21 IST" duration-ms="8772" status="PASS">
          <params>
            <param index="0">
              <value>
                <![CDATA["Validate the know more button in website information page of in store partners"]]>
              </value>
            </param>
            <param index="1">
              <value>
                <![CDATA["Optional[In Store and Online Partners]"]]>
              </value>
            </param>
          </params>
          <reporter-output>
          </reporter-output>
        </test-method> <!-- runScenario -->
        <test-method is-config="true" signature="tearDownClass()[pri:0, instance:testOptions.TestRunner1@1e0b4072]" started-at="2022-04-11T14:13:21 IST" name="tearDownClass" finished-at="2022-04-11T14:13:21 IST" duration-ms="6" status="PASS">
          <reporter-output>
          </reporter-output>
        </test-method> <!-- tearDownClass -->
      </class> <!-- testOptions.TestRunner1 -->
    </test> <!-- Iso Partners -->
    <test started-at="2022-04-11T14:13:02 IST" name="Banking Partners" finished-at="2022-04-11T14:13:22 IST" duration-ms="20309">
      <class name="testOptions.TestRunner3">
        <test-method is-config="true" signature="setUpClass(org.testng.ITestContext)[pri:0, instance:testOptions.TestRunner3@13e344d]" started-at="2022-04-11T14:13:02 IST" name="setUpClass" finished-at="2022-04-11T14:13:02 IST" duration-ms="339" status="PASS">
          <params>
            <param index="0">
              <value>
                <![CDATA[org.testng.TestRunner@7a35b0f5]]>
              </value>
            </param>
          </params>
          <reporter-output>
          </reporter-output>
        </test-method> <!-- setUpClass -->
        <test-method signature="runScenario(io.cucumber.testng.PickleWrapper,io.cucumber.testng.FeatureWrapper)[pri:0, instance:testOptions.TestRunner3@13e344d]" started-at="2022-04-11T14:13:02 IST" name="runScenario" description="Runs Cucumber Scenarios" data-provider="scenarios" finished-at="2022-04-11T14:13:12 IST" duration-ms="10407" status="PASS">
          <params>
            <param index="0">
              <value>
                <![CDATA["Validate Faq section"]]>
              </value>
            </param>
            <param index="1">
              <value>
                <![CDATA["Optional[Banking Partners Page]"]]>
              </value>
            </param>
          </params>
          <reporter-output>
          </reporter-output>
        </test-method> <!-- runScenario -->
        <test-method signature="runScenario(io.cucumber.testng.PickleWrapper,io.cucumber.testng.FeatureWrapper)[pri:0, instance:testOptions.TestRunner3@13e344d]" started-at="2022-04-11T14:13:12 IST" name="runScenario" description="Runs Cucumber Scenarios" data-provider="scenarios" finished-at="2022-04-11T14:13:22 IST" duration-ms="9524" status="PASS">
          <params>
            <param index="0">
              <value>
                <![CDATA["Validate the cards under payback partners in banking partners page"]]>
              </value>
            </param>
            <param index="1">
              <value>
                <![CDATA["Optional[Banking Partners Page]"]]>
              </value>
            </param>
          </params>
          <reporter-output>
          </reporter-output>
        </test-method> <!-- runScenario -->
        <test-method is-config="true" signature="tearDownClass()[pri:0, instance:testOptions.TestRunner3@13e344d]" started-at="2022-04-11T14:13:22 IST" name="tearDownClass" finished-at="2022-04-11T14:13:22 IST" duration-ms="1" status="PASS">
          <reporter-output>
          </reporter-output>
        </test-method> <!-- tearDownClass -->
      </class> <!-- testOptions.TestRunner3 -->
    </test> <!-- Banking Partners -->
    <test started-at="2022-04-11T14:13:02 IST" name="Instant Vouchers" finished-at="2022-04-11T14:13:33 IST" duration-ms="30956">
      <class name="testOptions.TestRunner2">
        <test-method is-config="true" signature="setUpClass(org.testng.ITestContext)[pri:0, instance:testOptions.TestRunner2@e350b40]" started-at="2022-04-11T14:13:02 IST" name="setUpClass" finished-at="2022-04-11T14:13:02 IST" duration-ms="340" status="PASS">
          <params>
            <param index="0">
              <value>
                <![CDATA[org.testng.TestRunner@68c9133c]]>
              </value>
            </param>
          </params>
          <reporter-output>
          </reporter-output>
        </test-method> <!-- setUpClass -->
        <test-method signature="runScenario(io.cucumber.testng.PickleWrapper,io.cucumber.testng.FeatureWrapper)[pri:0, instance:testOptions.TestRunner2@e350b40]" started-at="2022-04-11T14:13:02 IST" name="runScenario" description="Runs Cucumber Scenarios" data-provider="scenarios" finished-at="2022-04-11T14:13:15 IST" duration-ms="12676" status="PASS">
          <params>
            <param index="0">
              <value>
                <![CDATA["Validate the cards on Instant vouchers page"]]>
              </value>
            </param>
            <param index="1">
              <value>
                <![CDATA["Optional[Instant Vouchers page]"]]>
              </value>
            </param>
          </params>
          <reporter-output>
          </reporter-output>
        </test-method> <!-- runScenario -->
        <test-method signature="runScenario(io.cucumber.testng.PickleWrapper,io.cucumber.testng.FeatureWrapper)[pri:0, instance:testOptions.TestRunner2@e350b40]" started-at="2022-04-11T14:13:15 IST" name="runScenario" description="Runs Cucumber Scenarios" data-provider="scenarios" finished-at="2022-04-11T14:13:24 IST" duration-ms="8853" status="PASS">
          <params>
            <param index="0">
              <value>
                <![CDATA["Validate the filters"]]>
              </value>
            </param>
            <param index="1">
              <value>
                <![CDATA["Optional[Instant Vouchers page]"]]>
              </value>
            </param>
          </params>
          <reporter-output>
          </reporter-output>
        </test-method> <!-- runScenario -->
        <test-method signature="runScenario(io.cucumber.testng.PickleWrapper,io.cucumber.testng.FeatureWrapper)[pri:0, instance:testOptions.TestRunner2@e350b40]" started-at="2022-04-11T14:13:24 IST" name="runScenario" description="Runs Cucumber Scenarios" data-provider="scenarios" finished-at="2022-04-11T14:13:33 IST" duration-ms="9052" status="PASS">
          <params>
            <param index="0">
              <value>
                <![CDATA["Validate the tabs under Voucher information page"]]>
              </value>
            </param>
            <param index="1">
              <value>
                <![CDATA["Optional[Instant Vouchers page]"]]>
              </value>
            </param>
          </params>
          <reporter-output>
          </reporter-output>
        </test-method> <!-- runScenario -->
        <test-method is-config="true" signature="tearDownClass()[pri:0, instance:testOptions.TestRunner2@e350b40]" started-at="2022-04-11T14:13:33 IST" name="tearDownClass" finished-at="2022-04-11T14:13:33 IST" duration-ms="1" status="PASS">
          <reporter-output>
          </reporter-output>
        </test-method> <!-- tearDownClass -->
      </class> <!-- testOptions.TestRunner2 -->
    </test> <!-- Instant Vouchers -->
    <test started-at="2022-04-11T14:13:02 IST" name="Online Shopping" finished-at="2022-04-11T14:14:03 IST" duration-ms="61372">
      <class name="testOptions.TestRunner">
        <test-method is-config="true" signature="setUpClass(org.testng.ITestContext)[pri:0, instance:testOptions.TestRunner@4310d43]" started-at="2022-04-11T14:13:02 IST" name="setUpClass" finished-at="2022-04-11T14:13:02 IST" duration-ms="339" status="PASS">
          <params>
            <param index="0">
              <value>
                <![CDATA[org.testng.TestRunner@8458f04]]>
              </value>
            </param>
          </params>
          <reporter-output>
          </reporter-output>
        </test-method> <!-- setUpClass -->
        <test-method signature="runScenario(io.cucumber.testng.PickleWrapper,io.cucumber.testng.FeatureWrapper)[pri:0, instance:testOptions.TestRunner@4310d43]" started-at="2022-04-11T14:13:02 IST" name="runScenario" description="Runs Cucumber Scenarios" data-provider="scenarios" finished-at="2022-04-11T14:13:15 IST" duration-ms="13112" status="PASS">
          <params>
            <param index="0">
              <value>
                <![CDATA["Validate the cards in Products page and refund policy in product page"]]>
              </value>
            </param>
            <param index="1">
              <value>
                <![CDATA["Optional[Products Page]"]]>
              </value>
            </param>
          </params>
          <reporter-output>
          </reporter-output>
        </test-method> <!-- runScenario -->
        <test-method signature="runScenario(io.cucumber.testng.PickleWrapper,io.cucumber.testng.FeatureWrapper)[pri:0, instance:testOptions.TestRunner@4310d43]" started-at="2022-04-11T14:13:15 IST" name="runScenario" description="Runs Cucumber Scenarios" data-provider="scenarios" finished-at="2022-04-11T14:13:23 IST" duration-ms="7763" status="PASS">
          <params>
            <param index="0">
              <value>
                <![CDATA["Validate that the cards expand in size when hovered"]]>
              </value>
            </param>
            <param index="1">
              <value>
                <![CDATA["Optional[Cards under SHOP ONLINE VIA PAYBACK ACROSS LEADING WEBSITES]"]]>
              </value>
            </param>
          </params>
          <reporter-output>
          </reporter-output>
        </test-method> <!-- runScenario -->
        <test-method signature="runScenario(io.cucumber.testng.PickleWrapper,io.cucumber.testng.FeatureWrapper)[pri:0, instance:testOptions.TestRunner@4310d43]" started-at="2022-04-11T14:13:23 IST" name="runScenario" description="Runs Cucumber Scenarios" data-provider="scenarios" finished-at="2022-04-11T14:13:30 IST" duration-ms="6622" status="PASS">
          <params>
            <param index="0">
              <value>
                <![CDATA["Validate that the shop button changes color when hovered"]]>
              </value>
            </param>
            <param index="1">
              <value>
                <![CDATA["Optional[Cards under SHOP ONLINE VIA PAYBACK ACROSS LEADING WEBSITES]"]]>
              </value>
            </param>
          </params>
          <reporter-output>
          </reporter-output>
        </test-method> <!-- runScenario -->
        <test-method signature="runScenario(io.cucumber.testng.PickleWrapper,io.cucumber.testng.FeatureWrapper)[pri:0, instance:testOptions.TestRunner@4310d43]" started-at="2022-04-11T14:13:30 IST" name="runScenario" description="Runs Cucumber Scenarios" data-provider="scenarios" finished-at="2022-04-11T14:13:38 IST" duration-ms="8149" status="PASS">
          <params>
            <param index="0">
              <value>
                <![CDATA["Validate the View All button to displays more cards"]]>
              </value>
            </param>
            <param index="1">
              <value>
                <![CDATA["Optional[Cards under SHOP ONLINE VIA PAYBACK ACROSS LEADING WEBSITES]"]]>
              </value>
            </param>
          </params>
          <reporter-output>
          </reporter-output>
        </test-method> <!-- runScenario -->
        <test-method signature="runScenario(io.cucumber.testng.PickleWrapper,io.cucumber.testng.FeatureWrapper)[pri:0, instance:testOptions.TestRunner@4310d43]" started-at="2022-04-11T14:13:38 IST" name="runScenario" description="Runs Cucumber Scenarios" data-provider="scenarios" finished-at="2022-04-11T14:13:50 IST" duration-ms="12161" status="PASS">
          <params>
            <param index="0">
              <value>
                <![CDATA["Validate the view all button under recomended deals"]]>
              </value>
            </param>
            <param index="1">
              <value>
                <![CDATA["Optional[Cards under Recomended Deals]"]]>
              </value>
            </param>
          </params>
          <reporter-output>
          </reporter-output>
        </test-method> <!-- runScenario -->
        <test-method signature="runScenario(io.cucumber.testng.PickleWrapper,io.cucumber.testng.FeatureWrapper)[pri:0, instance:testOptions.TestRunner@4310d43]" started-at="2022-04-11T14:13:50 IST" name="runScenario" description="Runs Cucumber Scenarios" data-provider="scenarios" finished-at="2022-04-11T14:13:57 IST" duration-ms="7342" status="PASS">
          <params>
            <param index="0">
              <value>
                <![CDATA["Validate cards under shop by category redirects to products page on click"]]>
              </value>
            </param>
            <param index="1">
              <value>
                <![CDATA["Optional[Cards under SHOP BY CATEGORY]"]]>
              </value>
            </param>
          </params>
          <reporter-output>
          </reporter-output>
        </test-method> <!-- runScenario -->
        <test-method signature="runScenario(io.cucumber.testng.PickleWrapper,io.cucumber.testng.FeatureWrapper)[pri:0, instance:testOptions.TestRunner@4310d43]" started-at="2022-04-11T14:13:57 IST" name="runScenario" description="Runs Cucumber Scenarios" data-provider="scenarios" finished-at="2022-04-11T14:14:03 IST" duration-ms="5844" status="PASS">
          <params>
            <param index="0">
              <value>
                <![CDATA["Validate Banners are changing when user clicks on the dots at the bottom of the banner"]]>
              </value>
            </param>
            <param index="1">
              <value>
                <![CDATA["Optional[Scrolling Banner]"]]>
              </value>
            </param>
          </params>
          <reporter-output>
          </reporter-output>
        </test-method> <!-- runScenario -->
        <test-method is-config="true" signature="tearDownClass()[pri:0, instance:testOptions.TestRunner@4310d43]" started-at="2022-04-11T14:14:03 IST" name="tearDownClass" finished-at="2022-04-11T14:14:03 IST" duration-ms="1" status="PASS">
          <reporter-output>
          </reporter-output>
        </test-method> <!-- tearDownClass -->
      </class> <!-- testOptions.TestRunner -->
    </test> <!-- Online Shopping -->
  </suite> <!-- Earn Points -->
</testng-results>
