<?xml version="1.0" encoding="UTF-8"?>
<!-- Generated by org.testng.reporters.JUnitXMLReporter -->
<testsuite ignored="0" hostname="Vasudev-Kishan" failures="0" tests="2" name="Banking Partners" time="16.547" errors="0" timestamp="2022-04-15T12:44:48 IST">
  <testcase classname="io.cucumber.testng.AbstractTestNGCucumberTests" name="runScenario" time="9.072"/>
  <testcase classname="io.cucumber.testng.AbstractTestNGCucumberTests" name="runScenario" time="6.781"/>
</testsuite> <!-- Banking Partners -->
