<?xml version="1.0" encoding="UTF-8"?>
<!-- Generated by org.testng.reporters.JUnitXMLReporter -->
<testsuite ignored="0" hostname="inlen8520026389" failures="1" tests="2" name="Iso Partners" time="19.754" errors="0" timestamp="2022-04-11T14:13:22 IST">
  <testcase classname="io.cucumber.testng.AbstractTestNGCucumberTests" name="runScenario" time="10.593">
    <failure type="java.lang.AssertionError" message="expected [https://www.mobikwik.com/] but found [https://www.payback.in/partner-brands/mobikwik]">
      <![CDATA[java.lang.AssertionError: expected [https://www.mobikwik.com/] but found [https://www.payback.in/partner-brands/mobikwik]
at stepDefinitions.StepDefinitions.user_should_be_redirected_to_the_online_partners_website(StepDefinitions.java:229)
at ✽.user should be redirected to the online partners website(file:///C:/Users/VASUDM/eclipse-workspace/Payback/src/test/java/features/isoPartners.feature:9)
... Removed 6 stack frames]]>
    </failure>
  </testcase> <!-- runScenario -->
  <testcase classname="io.cucumber.testng.AbstractTestNGCucumberTests" name="runScenario" time="8.772"/>
</testsuite> <!-- Iso Partners -->
