<?xml version="1.0" encoding="UTF-8"?>
<!-- Generated by org.testng.reporters.JUnitReportReporter -->
<testsuite hostname="inlen8520026389" failures="1" tests="2" name="testOptions.TestRunner1" time="19.365" errors="0" timestamp="2022-04-11T14:14:03 IST" skipped="0">
  <testcase classname="testOptions.TestRunner1" name="runScenario" time="10.593">
    <failure message="expected [https://www.mobikwik.com/] but found [https://www.payback.in/partner-brands/mobikwik]" type="java.lang.AssertionError">
      <![CDATA[java.lang.AssertionError: expected [https://www.mobikwik.com/] but found [https://www.payback.in/partner-brands/mobikwik]
at org.testng.Assert.fail(Assert.java:110)
at org.testng.Assert.failNotEquals(Assert.java:1413)
at org.testng.Assert.assertEqualsImpl(Assert.java:149)
at org.testng.Assert.assertEquals(Assert.java:131)
at org.testng.Assert.assertEquals(Assert.java:655)
at org.testng.Assert.assertEquals(Assert.java:665)
at stepDefinitions.StepDefinitions.user_should_be_redirected_to_the_online_partners_website(StepDefinitions.java:229)
at ✽.user should be redirected to the online partners website(file:///C:/Users/VASUDM/eclipse-workspace/Payback/src/test/java/features/isoPartners.feature:9)
]]>
    </failure>
  </testcase> <!-- runScenario -->
  <system-out/>
  <testcase classname="testOptions.TestRunner1" name="runScenario" time="8.772"/>
  <system-out/>
</testsuite> <!-- testOptions.TestRunner1 -->
